----------------------------------------------------------------------------
boot-snapshot-boot-delete.json
----------------------------------------------------------------------------
/root/hzc/daily_run/test/rally_run.sh: 36: /root/hzc/daily_run/test/rally_run.sh: rally: not found

can't find reportcmd
----------------------------------------------------------------------------
create_network.json
----------------------------------------------------------------------------
/root/hzc/daily_run/test/rally_run.sh: 36: /root/hzc/daily_run/test/rally_run.sh: rally: not found

can't find reportcmd
----------------------------------------------------------------------------
list_network.json
----------------------------------------------------------------------------
/root/hzc/daily_run/test/rally_run.sh: 36: /root/hzc/daily_run/test/rally_run.sh: rally: not found

can't find reportcmd
----------------------------------------------------------------------------
scenarios.json
----------------------------------------------------------------------------
/root/hzc/daily_run/test/rally_run.sh: 36: /root/hzc/daily_run/test/rally_run.sh: rally: not found

can't find reportcmd
report/20161124/report_20161124.xls not exists
----------------------------------------------------------------------------
boot-snapshot-boot-delete.json
----------------------------------------------------------------------------
/root/hzc/daily_run/test/rally_run.sh: 36: /root/hzc/daily_run/test/rally_run.sh: rally: not found

can't find reportcmd
----------------------------------------------------------------------------
create_network.json
----------------------------------------------------------------------------
/root/hzc/daily_run/test/rally_run.sh: 36: /root/hzc/daily_run/test/rally_run.sh: rally: not found

can't find reportcmd
----------------------------------------------------------------------------
list_network.json
----------------------------------------------------------------------------
/root/hzc/daily_run/test/rally_run.sh: 36: /root/hzc/daily_run/test/rally_run.sh: rally: not found

can't find reportcmd
----------------------------------------------------------------------------
scenarios.json
----------------------------------------------------------------------------
/root/hzc/daily_run/test/rally_run.sh: 36: /root/hzc/daily_run/test/rally_run.sh: rally: not found

can't find reportcmd
report/20161124/report_20161124.xls not exists
----------------------------------------------------------------------------
boot-snapshot-boot-delete.json
----------------------------------------------------------------------------
/root/hzc/daily_run/test/rally_run.sh: 36: /root/hzc/daily_run/test/rally_run.sh: rally: not found

can't find reportcmd
----------------------------------------------------------------------------
create_network.json
----------------------------------------------------------------------------
/root/hzc/daily_run/test/rally_run.sh: 36: /root/hzc/daily_run/test/rally_run.sh: rally: not found

can't find reportcmd
----------------------------------------------------------------------------
list_network.json
----------------------------------------------------------------------------
/root/hzc/daily_run/test/rally_run.sh: 36: /root/hzc/daily_run/test/rally_run.sh: rally: not found

can't find reportcmd
----------------------------------------------------------------------------
scenarios.json
----------------------------------------------------------------------------
/root/hzc/daily_run/test/rally_run.sh: 36: /root/hzc/daily_run/test/rally_run.sh: rally: not found

can't find reportcmd
